This is pdfTeX, Version 3.141592653-2.6-1.40.26 (TeX Live 2024) (preloaded format=latex 2025.1.16)  16 JAN 2025 03:08
entering extended mode
 restricted \write18 enabled.
 %&-line parsing enabled.
**\makeatletter\def\HCode{\futurelet\HCode\HChar}\def\HChar{\ifx"\HCode\def\HCo
de"##1"{\Link##1}\expandafter\HCode\else\expandafter\Link\fi}\def\Link#1.a.b.c.
{\let\HCode\documentstyle\def\documentstyle{\let\documentstyle\HCode\expandafte
r\def\csname tex4ht\endcsname{#1,html}\def\HCode####1{\documentstyle[tex4ht,}\@
ifnextchar[{\HCode}{\documentstyle[tex4ht]}}\RequirePackage[#1,html]{tex4ht}}\m
akeatother\HCode xhtml,,charset=utf-8,html5.a.b.c.\input "\detokenize{main.tex}
"
(/usr/local/texlive/2024/texmf-dist/tex/generic/tex4ht/tex4ht.sty
version 2024-01-23-13:44
Package: tex4ht 
--------------------------------------
--- Note --- for _ at preamble, use the command line option `early_'
--------------------------------------
--------------------------------------
--- Note --- for ^ at preamble, use the command line option `early^'
--------------------------------------
\tmp:toks=\toks17
) (./main.tex (/usr/local/texlive/2024/texmf-dist/tex/generic/tex4ht/usepackage
.4ht
version 2024-03-05-14:34
) (/usr/local/texlive/2024/texmf-dist/tex/latex/base/article.cls
Document Class: article 2023/05/17 v1.4n Standard LaTeX document class
(/usr/local/texlive/2024/texmf-dist/tex/latex/base/size12.clo
File: size12.clo 2023/05/17 v1.4n Standard LaTeX file (size option)
)
\c@part=\count188
\c@section=\count189
\c@subsection=\count190
\c@subsubsection=\count191
\c@paragraph=\count192
\c@subparagraph=\count193
\c@figure=\count194
\c@table=\count195
\abovecaptionskip=\skip48
\belowcaptionskip=\skip49
\bibindent=\dimen140
) (/usr/local/texlive/2024/texmf-dist/tex/latex/base/inputenc.sty
Package: inputenc 2021/02/14 v1.3d Input encoding file
\inpenc@prehook=\toks18
\inpenc@posthook=\toks19
) (/usr/local/texlive/2024/texmf-dist/tex/latex/base/fontenc.sty
Package: fontenc 2021/04/29 v2.0v Standard LaTeX package
) (/usr/local/texlive/2024/texmf-dist/tex/latex/amsmath/amsmath.sty
Package: amsmath 2023/05/13 v2.17o AMS math features
\@mathmargin=\skip50
For additional information on amsmath, use the `?' option.
(/usr/local/texlive/2024/texmf-dist/tex/latex/amsmath/amstext.sty
Package: amstext 2021/08/26 v2.01 AMS text
(/usr/local/texlive/2024/texmf-dist/tex/latex/amsmath/amsgen.sty
File: amsgen.sty 1999/11/30 v2.0 generic functions
\@emptytoks=\toks20
\ex@=\dimen141
)) (/usr/local/texlive/2024/texmf-dist/tex/latex/amsmath/amsbsy.sty
Package: amsbsy 1999/11/29 v1.2d Bold Symbols
\pmbraise@=\dimen142
) (/usr/local/texlive/2024/texmf-dist/tex/latex/amsmath/amsopn.sty
Package: amsopn 2022/04/08 v2.04 operator names
)
\inf@bad=\count196
LaTeX Info: Redefining \frac on input line 234.
\uproot@=\count197
\leftroot@=\count198
LaTeX Info: Redefining \overline on input line 399.
LaTeX Info: Redefining \colon on input line 410.
\classnum@=\count199
\DOTSCASE@=\count266
LaTeX Info: Redefining \ldots on input line 496.
LaTeX Info: Redefining \dots on input line 499.
LaTeX Info: Redefining \cdots on input line 620.
\Mathstrutbox@=\box51
\strutbox@=\box52
LaTeX Info: Redefining \big on input line 722.
LaTeX Info: Redefining \Big on input line 723.
LaTeX Info: Redefining \bigg on input line 724.
LaTeX Info: Redefining \Bigg on input line 725.
\big@size=\dimen143
LaTeX Font Info:    Redeclaring font encoding OML on input line 743.
LaTeX Font Info:    Redeclaring font encoding OMS on input line 744.
\macc@depth=\count267
LaTeX Info: Redefining \bmod on input line 905.
LaTeX Info: Redefining \pmod on input line 910.
LaTeX Info: Redefining \smash on input line 940.
LaTeX Info: Redefining \relbar on input line 970.
LaTeX Info: Redefining \Relbar on input line 971.
\c@MaxMatrixCols=\count268
\dotsspace@=\muskip16
\c@parentequation=\count269
\dspbrk@lvl=\count270
\tag@help=\toks21
\row@=\count271
\column@=\count272
\maxfields@=\count273
\andhelp@=\toks22
\eqnshift@=\dimen144
\alignsep@=\dimen145
\tagshift@=\dimen146
\tagwidth@=\dimen147
\totwidth@=\dimen148
\lineht@=\dimen149
\@envbody=\toks23
\multlinegap=\skip51
\multlinetaggap=\skip52
\mathdisplay@stack=\toks24
LaTeX Info: Redefining \[ on input line 2953.
LaTeX Info: Redefining \] on input line 2954.
) (/usr/local/texlive/2024/texmf-dist/tex/latex/amsfonts/amssymb.sty
Package: amssymb 2013/01/14 v3.01 AMS font symbols
(/usr/local/texlive/2024/texmf-dist/tex/latex/amsfonts/amsfonts.sty
Package: amsfonts 2013/01/14 v3.01 Basic AMSFonts support
\symAMSa=\mathgroup4
\symAMSb=\mathgroup5
LaTeX Font Info:    Redeclaring math symbol \hbar on input line 98.
LaTeX Font Info:    Overwriting math alphabet `\mathfrak' in version `bold'
(Font)                  U/euf/m/n --> U/euf/b/n on input line 106.
)) (/usr/local/texlive/2024/texmf-dist/tex/latex/graphics/graphicx.sty
Package: graphicx 2021/09/16 v1.2d Enhanced LaTeX Graphics (DPC,SPQR)
(/usr/local/texlive/2024/texmf-dist/tex/latex/graphics/keyval.sty
Package: keyval 2022/05/29 v1.15 key=value parser (DPC)
\KV@toks@=\toks25
) (/usr/local/texlive/2024/texmf-dist/tex/generic/tex4ht/graphics-hooks.4ht
version 2022-08-17-14:25
) (/usr/local/texlive/2024/texmf-dist/tex/latex/graphics/graphics.sty
Package: graphics 2022/03/10 v1.4e Standard LaTeX Graphics (DPC,SPQR)
(/usr/local/texlive/2024/texmf-dist/tex/latex/graphics/trig.sty
Package: trig 2021/08/11 v1.11 sin cos tan (DPC)
) (/usr/local/texlive/2024/texmf-dist/tex/latex/graphics-cfg/graphics.cfg
File: graphics.cfg 2016/06/04 v1.11 sample graphics configuration
)
Package graphics Info: Driver file: dvips.def on input line 107.
(/usr/local/texlive/2024/texmf-dist/tex/latex/graphics-def/dvips.def
File: dvips.def 2022/09/22 v3.1e Graphics/color driver for dvips
))
\Gin@req@height=\dimen150
\Gin@req@width=\dimen151
) (/usr/local/texlive/2024/texmf-dist/tex/generic/tex4ht/hyperref-hooks.4ht
version 2023-09-17-08:01
) (/usr/local/texlive/2024/texmf-dist/tex/latex/hyperref/hyperref.sty
Package: hyperref 2024-01-20 v7.01h Hypertext links for LaTeX
(/usr/local/texlive/2024/texmf-dist/tex/generic/iftex/iftex.sty
Package: iftex 2022/02/03 v1.0f TeX engine tests
) (/usr/local/texlive/2024/texmf-dist/tex/latex/kvsetkeys/kvsetkeys.sty
Package: kvsetkeys 2022-10-05 v1.19 Key value parser (HO)
) (/usr/local/texlive/2024/texmf-dist/tex/generic/kvdefinekeys/kvdefinekeys.sty
Package: kvdefinekeys 2019-12-19 v1.6 Define keys (HO)
) (/usr/local/texlive/2024/texmf-dist/tex/generic/pdfescape/pdfescape.sty
Package: pdfescape 2019/12/09 v1.15 Implements pdfTeX's escape features (HO)
(/usr/local/texlive/2024/texmf-dist/tex/generic/ltxcmds/ltxcmds.sty
Package: ltxcmds 2023-12-04 v1.26 LaTeX kernel commands for general use (HO)
) (/usr/local/texlive/2024/texmf-dist/tex/generic/pdftexcmds/pdftexcmds.sty
Package: pdftexcmds 2020-06-27 v0.33 Utility functions of pdfTeX for LuaTeX (HO
)
(/usr/local/texlive/2024/texmf-dist/tex/generic/infwarerr/infwarerr.sty
Package: infwarerr 2019/12/03 v1.5 Providing info/warning/error messages (HO)
)
Package pdftexcmds Info: \pdf@primitive is available.
Package pdftexcmds Info: \pdf@ifprimitive is available.
Package pdftexcmds Info: \pdfdraftmode is ignored in DVI mode.
)) (/usr/local/texlive/2024/texmf-dist/tex/latex/hycolor/hycolor.sty
Package: hycolor 2020-01-27 v1.10 Color options for hyperref/bookmark (HO)
) (/usr/local/texlive/2024/texmf-dist/tex/latex/auxhook/auxhook.sty
Package: auxhook 2019-12-17 v1.6 Hooks for auxiliary files (HO)

Package auxhook Warning: Cannot patch \document,
(auxhook)                using \AtBeginDocument instead.

) (/usr/local/texlive/2024/texmf-dist/tex/latex/hyperref/nameref.sty
Package: nameref 2023-11-26 v2.56 Cross-referencing by name of section
(/usr/local/texlive/2024/texmf-dist/tex/latex/refcount/refcount.sty
Package: refcount 2019/12/15 v3.6 Data extraction from label references (HO)
)
(/usr/local/texlive/2024/texmf-dist/tex/generic/gettitlestring/gettitlestring.s
ty
Package: gettitlestring 2019/12/15 v1.6 Cleanup title references (HO)
(/usr/local/texlive/2024/texmf-dist/tex/latex/kvoptions/kvoptions.sty
Package: kvoptions 2022-06-15 v3.15 Key value format for package options (HO)
))
\c@section@level=\count274
) (/usr/local/texlive/2024/texmf-dist/tex/latex/etoolbox/etoolbox.sty
Package: etoolbox 2020/10/05 v2.5k e-TeX tools for LaTeX (JAW)
\etb@tempcnta=\count275
)
\@linkdim=\dimen152
\Hy@linkcounter=\count276
\Hy@pagecounter=\count277
(/usr/local/texlive/2024/texmf-dist/tex/latex/hyperref/pd1enc.def
File: pd1enc.def 2024-01-20 v7.01h Hyperref: PDFDocEncoding definition (HO)
Now handling font encoding PD1 ...
... no UTF-8 mapping file for font encoding PD1
) (/usr/local/texlive/2024/texmf-dist/tex/generic/intcalc/intcalc.sty
Package: intcalc 2019/12/15 v1.3 Expandable calculations with integers (HO)
)
\Hy@SavedSpaceFactor=\count278
(/usr/local/texlive/2024/texmf-dist/tex/latex/hyperref/puenc.def
File: puenc.def 2024-01-20 v7.01h Hyperref: PDF Unicode definition (HO)
Now handling font encoding PU ...
... no UTF-8 mapping file for font encoding PU
)
Package hyperref Info: Option `colorlinks' set `true' on input line 4062.
Package hyperref Info: Hyper figures OFF on input line 4179.
Package hyperref Info: Link nesting OFF on input line 4184.
Package hyperref Info: Hyper index ON on input line 4187.
Package hyperref Info: Plain pages OFF on input line 4194.
Package hyperref Info: Backreferencing OFF on input line 4199.
Package hyperref Info: Implicit mode ON; LaTeX internals redefined.
Package hyperref Info: Bookmarks ON on input line 4446.
\c@Hy@tempcnt=\count279
(/usr/local/texlive/2024/texmf-dist/tex/latex/url/url.sty
\Urlmuskip=\muskip17
Package: url 2013/09/16  ver 3.4  Verb mode for urls, etc.
)
LaTeX Info: Redefining \url on input line 4784.
\XeTeXLinkMargin=\dimen153
(/usr/local/texlive/2024/texmf-dist/tex/generic/bitset/bitset.sty
Package: bitset 2019/12/09 v1.3 Handle bit-vector datatype (HO)
(/usr/local/texlive/2024/texmf-dist/tex/generic/bigintcalc/bigintcalc.sty
Package: bigintcalc 2019/12/15 v1.5 Expandable calculations on big integers (HO
)
))
\Fld@menulength=\count280
\Field@Width=\dimen154
\Fld@charsize=\dimen155
\Field@toks=\toks26
Package hyperref Info: Hyper figures OFF on input line 6063.
Package hyperref Info: Link nesting OFF on input line 6068.
Package hyperref Info: Hyper index ON on input line 6071.
Package hyperref Info: backreferencing OFF on input line 6078.
Package hyperref Info: Link coloring ON on input line 6081.
Package hyperref Info: Link coloring with OCG OFF on input line 6088.
Package hyperref Info: PDF/A mode OFF on input line 6093.
(/usr/local/texlive/2024/texmf-dist/tex/latex/base/atbegshi-ltx.sty
Package: atbegshi-ltx 2021/01/10 v1.0c Emulation of the original atbegshi
package with kernel methods
)
\Hy@abspage=\count281

Package hyperref Message: Stopped early.

)
Package hyperref Info: Driver: htex4ht.
(/usr/local/texlive/2024/texmf-dist/tex/latex/hyperref/htex4ht.def
File: htex4ht.def 2024-01-20 v7.01h Hyperref driver for TeX4ht
Package hyperref Info: tex4ht is already loaded.
) (/usr/local/texlive/2024/texmf-dist/tex/latex/geometry/geometry.sty
Package: geometry 2020/01/02 v5.9 Page Geometry
(/usr/local/texlive/2024/texmf-dist/tex/generic/iftex/ifvtex.sty
Package: ifvtex 2019/10/25 v1.7 ifvtex legacy package. Use iftex instead.
)
\Gm@cnth=\count282
\Gm@cntv=\count283
\c@Gm@tempcnt=\count284
\Gm@bindingoffset=\dimen156
\Gm@wd@mp=\dimen157
\Gm@odd@mp=\dimen158
\Gm@even@mp=\dimen159
\Gm@layoutwidth=\dimen160
\Gm@layoutheight=\dimen161
\Gm@layouthoffset=\dimen162
\Gm@layoutvoffset=\dimen163
\Gm@dimlist=\toks27
) (/usr/local/texlive/2024/texmf-dist/tex/generic/tex4ht/titlesec-hooks.4ht
version 2023-04-03-14:42
) (/usr/local/texlive/2024/texmf-dist/tex/latex/titlesec/titlesec.sty
Package: titlesec 2023/10/27 v2.16 Sectioning titles
\ttl@box=\box53
\beforetitleunit=\skip53
\aftertitleunit=\skip54
\ttl@plus=\dimen164
\ttl@minus=\dimen165
\ttl@toksa=\toks28
\titlewidth=\dimen166
\titlewidthlast=\dimen167
\titlewidthfirst=\dimen168
) (/usr/local/texlive/2024/texmf-dist/tex/latex/booktabs/booktabs.sty
Package: booktabs 2020/01/12 v1.61803398 Publication quality tables
\heavyrulewidth=\dimen169
\lightrulewidth=\dimen170
\cmidrulewidth=\dimen171
\belowrulesep=\dimen172
\belowbottomsep=\dimen173
\aboverulesep=\dimen174
\abovetopsep=\dimen175
\cmidrulesep=\dimen176
\cmidrulekern=\dimen177
\defaultaddspace=\dimen178
\@cmidla=\count285
\@cmidlb=\count286
\@aboverulesep=\dimen179
\@belowrulesep=\dimen180
\@thisruleclass=\count287
\@lastruleclass=\count288
\@thisrulewidth=\dimen181
) (/usr/local/texlive/2024/texmf-dist/tex/latex/tools/tabularx.sty
Package: tabularx 2023/07/08 v2.11c `tabularx' package (DPC)
(/usr/local/texlive/2024/texmf-dist/tex/latex/tools/array.sty
Package: array 2023/10/16 v2.5g Tabular extension package (FMi)
\col@sep=\dimen182
\ar@mcellbox=\box54
\extrarowheight=\dimen183
\NC@list=\toks29
\extratabsurround=\skip55
\backup@length=\skip56
\ar@cellbox=\box55
)
\TX@col@width=\dimen184
\TX@old@table=\dimen185
\TX@old@col=\dimen186
\TX@target=\dimen187
\TX@delta=\dimen188
\TX@cols=\count289
\TX@ftn=\toks30
) (/usr/local/texlive/2024/texmf-dist/tex/latex/tabu/tabu.sty
Package: tabu 2019/01/11 v2.9 - flexible LaTeX tabulars (FC+tabu-fixed)
(/usr/local/texlive/2024/texmf-dist/tex/latex/varwidth/varwidth.sty
Package: varwidth 2009/03/30 ver 0.92;  Variable-width minipages
\@vwid@box=\box56
\sift@deathcycles=\count290
\@vwid@loff=\dimen189
\@vwid@roff=\dimen190
)
\c@taburow=\count291
\tabu@nbcols=\count292
\tabu@cnt=\count293
\tabu@Xcol=\count294
\tabu@alloc=\count295
\tabu@nested=\count296
\tabu@target=\dimen191
\tabu@spreadtarget=\dimen192
\tabu@naturalX=\dimen193
\tabucolX=\dimen194
\tabu@Xsum=\dimen195
\extrarowdepth=\dimen196
\abovetabulinesep=\dimen197
\belowtabulinesep=\dimen198
\tabustrutrule=\dimen199
\tabu@thebody=\toks31
\tabu@footnotes=\toks32
\tabu@box=\box57
\tabu@arstrutbox=\box58
\tabu@hleads=\box59
\tabu@vleads=\box60
\tabu@cellskip=\skip57
) (/usr/local/texlive/2024/texmf-dist/tex/generic/tex4ht/caption-hooks.4ht
version 2022-11-20-07:09
) (/usr/local/texlive/2024/texmf-dist/tex/latex/caption/caption.sty
Package: caption 2023/08/05 v3.6o Customizing captions (AR)
(/usr/local/texlive/2024/texmf-dist/tex/latex/caption/caption3.sty
Package: caption3 2023/07/31 v2.4d caption3 kernel (AR)
\caption@tempdima=\dimen256
\captionmargin=\dimen257
\caption@leftmargin=\dimen258
\caption@rightmargin=\dimen259
\caption@width=\dimen260
\caption@indent=\dimen261
\caption@parindent=\dimen262
\caption@hangindent=\dimen263
Package caption Info: Standard document class detected.
)
\c@caption@flags=\count297
\c@continuedfloat=\count298
Package caption Info: hyperref package is loaded.
Package caption Info: Hyperref support is turned off
(caption)             because hyperref has stopped early.
) (/usr/local/texlive/2024/texmf-dist/tex/latex/caption/subcaption.sty
Package: subcaption 2023/07/28 v1.6b Sub-captions (AR)
(/usr/local/texlive/2024/texmf-dist/tex/generic/tex4ht/caption-hooks.4ht
version 2022-11-20-07:09
)
Package caption Info: New subtype `subfigure' on input line 238.
\c@subfigure=\count299
Package caption Info: New subtype `subtable' on input line 238.
\c@subtable=\count300
) (/usr/local/texlive/2024/texmf-dist/tex/generic/tex4ht/tikz-hooks.4ht
version 2024-01-15-14:00
*****************************
TeX4ht info: Using dvisvgm4ht TikZ driver. Put \def \pgfsysdriver {driver-name}
 to your document before use of TikZ if you want to another driver. Use tikz+ o
ption if your TikZ pictures use patterns.
) (/usr/local/texlive/2024/texmf-dist/tex/latex/pgf/frontendlayer/tikz.sty (/us
r/local/texlive/2024/texmf-dist/tex/generic/tex4ht/pgf-hooks.4ht
version 2024-01-15-14:00
) (/usr/local/texlive/2024/texmf-dist/tex/latex/pgf/basiclayer/pgf.sty (/usr/lo
cal/texlive/2024/texmf-dist/tex/latex/pgf/utilities/pgfrcs.sty
(/usr/local/texlive/2024/texmf-dist/tex/generic/pgf/utilities/pgfutil-common.te
x
\pgfutil@everybye=\toks33
\pgfutil@tempdima=\dimen264
\pgfutil@tempdimb=\dimen265
)
(/usr/local/texlive/2024/texmf-dist/tex/generic/pgf/utilities/pgfutil-latex.def
\pgfutil@abb=\box61
) (/usr/local/texlive/2024/texmf-dist/tex/generic/pgf/utilities/pgfrcs.code.tex
(/usr/local/texlive/2024/texmf-dist/tex/generic/pgf/pgf.revision.tex)
Package: pgfrcs 2023-01-15 v3.1.10 (3.1.10)
))
Package: pgf 2023-01-15 v3.1.10 (3.1.10)
(/usr/local/texlive/2024/texmf-dist/tex/latex/pgf/basiclayer/pgfcore.sty (/usr/
local/texlive/2024/texmf-dist/tex/latex/pgf/systemlayer/pgfsys.sty
(/usr/local/texlive/2024/texmf-dist/tex/generic/pgf/systemlayer/pgfsys.code.tex
Package: pgfsys 2023-01-15 v3.1.10 (3.1.10)
(/usr/local/texlive/2024/texmf-dist/tex/generic/pgf/utilities/pgfkeys.code.tex
\pgfkeys@pathtoks=\toks34
\pgfkeys@temptoks=\toks35

(/usr/local/texlive/2024/texmf-dist/tex/generic/pgf/utilities/pgfkeyslibraryfil
tered.code.tex
\pgfkeys@tmptoks=\toks36
))
\pgf@x=\dimen266
\pgf@y=\dimen267
\pgf@xa=\dimen268
\pgf@ya=\dimen269
\pgf@xb=\dimen270
\pgf@yb=\dimen271
\pgf@xc=\dimen272
\pgf@yc=\dimen273
\pgf@xd=\dimen274
\pgf@yd=\dimen275
\w@pgf@writea=\write3
\r@pgf@reada=\read2
\c@pgf@counta=\count301
\c@pgf@countb=\count302
\c@pgf@countc=\count303
\c@pgf@countd=\count304
\t@pgf@toka=\toks37
\t@pgf@tokb=\toks38
\t@pgf@tokc=\toks39
\pgf@sys@id@count=\count305
(/usr/local/texlive/2024/texmf-dist/tex/generic/pgf/systemlayer/pgf.cfg
File: pgf.cfg 2023-01-15 v3.1.10 (3.1.10)
)
Driver file for pgf: pgfsys-dvisvgm4ht.def

(/usr/local/texlive/2024/texmf-dist/tex/generic/pgf/systemlayer/pgfsys-dvisvgm4
ht.def
File: pgfsys-dvisvgm4ht.def 2023-01-15 v3.1.10 (3.1.10)

(/usr/local/texlive/2024/texmf-dist/tex/generic/pgf/systemlayer/pgfsys-dvips.de
f
File: pgfsys-dvips.def 2023-01-15 v3.1.10 (3.1.10)

(/usr/local/texlive/2024/texmf-dist/tex/generic/pgf/systemlayer/pgfsys-common-p
ostscript.def
File: pgfsys-common-postscript.def 2023-01-15 v3.1.10 (3.1.10)
\pgf@objectcount=\count306
))))
(/usr/local/texlive/2024/texmf-dist/tex/generic/pgf/systemlayer/pgfsyssoftpath.
code.tex
File: pgfsyssoftpath.code.tex 2023-01-15 v3.1.10 (3.1.10)
\pgfsyssoftpath@smallbuffer@items=\count307
\pgfsyssoftpath@bigbuffer@items=\count308
)
(/usr/local/texlive/2024/texmf-dist/tex/generic/pgf/systemlayer/pgfsysprotocol.
code.tex
File: pgfsysprotocol.code.tex 2023-01-15 v3.1.10 (3.1.10)
)) (/usr/local/texlive/2024/texmf-dist/tex/generic/tex4ht/xcolor-hooks.4ht
version 2020-10-17-13:53
) (/usr/local/texlive/2024/texmf-dist/tex/latex/xcolor/xcolor.sty
Package: xcolor 2023/11/15 v3.01 LaTeX color extensions (UK)
(/usr/local/texlive/2024/texmf-dist/tex/latex/graphics-cfg/color.cfg
File: color.cfg 2016/01/02 v1.6 sample color configuration
)
Package xcolor Info: Driver file: dvips.def on input line 274.
(/usr/local/texlive/2024/texmf-dist/tex/latex/graphics/mathcolor.ltx)
Package xcolor Info: Model `cmy' substituted by `cmy0' on input line 1350.
Package xcolor Info: Model `RGB' extended on input line 1366.
Package xcolor Info: Model `HTML' substituted by `rgb' on input line 1368.
Package xcolor Info: Model `Hsb' substituted by `hsb' on input line 1369.
Package xcolor Info: Model `tHsb' substituted by `hsb' on input line 1370.
Package xcolor Info: Model `HSB' substituted by `hsb' on input line 1371.
Package xcolor Info: Model `Gray' substituted by `gray' on input line 1372.
Package xcolor Info: Model `wave' substituted by `hsb' on input line 1373.
)
(/usr/local/texlive/2024/texmf-dist/tex/generic/pgf/basiclayer/pgfcore.code.tex
Package: pgfcore 2023-01-15 v3.1.10 (3.1.10)
(/usr/local/texlive/2024/texmf-dist/tex/generic/pgf/math/pgfmath.code.tex (/usr
/local/texlive/2024/texmf-dist/tex/generic/pgf/math/pgfmathutil.code.tex)
(/usr/local/texlive/2024/texmf-dist/tex/generic/pgf/math/pgfmathparser.code.tex
\pgfmath@dimen=\dimen276
\pgfmath@count=\count309
\pgfmath@box=\box62
\pgfmath@toks=\toks40
\pgfmath@stack@operand=\toks41
\pgfmath@stack@operation=\toks42
)
(/usr/local/texlive/2024/texmf-dist/tex/generic/pgf/math/pgfmathfunctions.code.
tex)
(/usr/local/texlive/2024/texmf-dist/tex/generic/pgf/math/pgfmathfunctions.basic
.code.tex)
(/usr/local/texlive/2024/texmf-dist/tex/generic/pgf/math/pgfmathfunctions.trigo
nometric.code.tex)
(/usr/local/texlive/2024/texmf-dist/tex/generic/pgf/math/pgfmathfunctions.rando
m.code.tex)
(/usr/local/texlive/2024/texmf-dist/tex/generic/pgf/math/pgfmathfunctions.compa
rison.code.tex)
(/usr/local/texlive/2024/texmf-dist/tex/generic/pgf/math/pgfmathfunctions.base.
code.tex)
(/usr/local/texlive/2024/texmf-dist/tex/generic/pgf/math/pgfmathfunctions.round
.code.tex)
(/usr/local/texlive/2024/texmf-dist/tex/generic/pgf/math/pgfmathfunctions.misc.
code.tex)
(/usr/local/texlive/2024/texmf-dist/tex/generic/pgf/math/pgfmathfunctions.integ
erarithmetics.code.tex) (/usr/local/texlive/2024/texmf-dist/tex/generic/pgf/mat
h/pgfmathcalc.code.tex) (/usr/local/texlive/2024/texmf-dist/tex/generic/pgf/mat
h/pgfmathfloat.code.tex
\c@pgfmathroundto@lastzeros=\count310
)) (/usr/local/texlive/2024/texmf-dist/tex/generic/pgf/math/pgfint.code.tex)
(/usr/local/texlive/2024/texmf-dist/tex/generic/pgf/basiclayer/pgfcorepoints.co
de.tex
File: pgfcorepoints.code.tex 2023-01-15 v3.1.10 (3.1.10)
\pgf@picminx=\dimen277
\pgf@picmaxx=\dimen278
\pgf@picminy=\dimen279
\pgf@picmaxy=\dimen280
\pgf@pathminx=\dimen281
\pgf@pathmaxx=\dimen282
\pgf@pathminy=\dimen283
\pgf@pathmaxy=\dimen284
\pgf@xx=\dimen285
\pgf@xy=\dimen286
\pgf@yx=\dimen287
\pgf@yy=\dimen288
\pgf@zx=\dimen289
\pgf@zy=\dimen290
)
(/usr/local/texlive/2024/texmf-dist/tex/generic/pgf/basiclayer/pgfcorepathconst
ruct.code.tex
File: pgfcorepathconstruct.code.tex 2023-01-15 v3.1.10 (3.1.10)
\pgf@path@lastx=\dimen291
\pgf@path@lasty=\dimen292
)
(/usr/local/texlive/2024/texmf-dist/tex/generic/pgf/basiclayer/pgfcorepathusage
.code.tex
File: pgfcorepathusage.code.tex 2023-01-15 v3.1.10 (3.1.10)
\pgf@shorten@end@additional=\dimen293
\pgf@shorten@start@additional=\dimen294
)
(/usr/local/texlive/2024/texmf-dist/tex/generic/pgf/basiclayer/pgfcorescopes.co
de.tex
File: pgfcorescopes.code.tex 2023-01-15 v3.1.10 (3.1.10)
\pgfpic=\box63
\pgf@hbox=\box64
\pgf@layerbox@main=\box65
\pgf@picture@serial@count=\count311
)
(/usr/local/texlive/2024/texmf-dist/tex/generic/pgf/basiclayer/pgfcoregraphicst
ate.code.tex
File: pgfcoregraphicstate.code.tex 2023-01-15 v3.1.10 (3.1.10)
\pgflinewidth=\dimen295
)
(/usr/local/texlive/2024/texmf-dist/tex/generic/pgf/basiclayer/pgfcoretransform
ations.code.tex
File: pgfcoretransformations.code.tex 2023-01-15 v3.1.10 (3.1.10)
\pgf@pt@x=\dimen296
\pgf@pt@y=\dimen297
\pgf@pt@temp=\dimen298
)
(/usr/local/texlive/2024/texmf-dist/tex/generic/pgf/basiclayer/pgfcorequick.cod
e.tex
File: pgfcorequick.code.tex 2023-01-15 v3.1.10 (3.1.10)
)
(/usr/local/texlive/2024/texmf-dist/tex/generic/pgf/basiclayer/pgfcoreobjects.c
ode.tex
File: pgfcoreobjects.code.tex 2023-01-15 v3.1.10 (3.1.10)
)
(/usr/local/texlive/2024/texmf-dist/tex/generic/pgf/basiclayer/pgfcorepathproce
ssing.code.tex
File: pgfcorepathprocessing.code.tex 2023-01-15 v3.1.10 (3.1.10)
)
(/usr/local/texlive/2024/texmf-dist/tex/generic/pgf/basiclayer/pgfcorearrows.co
de.tex
File: pgfcorearrows.code.tex 2023-01-15 v3.1.10 (3.1.10)
\pgfarrowsep=\dimen299
)
(/usr/local/texlive/2024/texmf-dist/tex/generic/pgf/basiclayer/pgfcoreshade.cod
e.tex
File: pgfcoreshade.code.tex 2023-01-15 v3.1.10 (3.1.10)
\pgf@max=\dimen300
\pgf@sys@shading@range@num=\count312
\pgf@shadingcount=\count313
)
(/usr/local/texlive/2024/texmf-dist/tex/generic/pgf/basiclayer/pgfcoreimage.cod
e.tex
File: pgfcoreimage.code.tex 2023-01-15 v3.1.10 (3.1.10)
)
(/usr/local/texlive/2024/texmf-dist/tex/generic/pgf/basiclayer/pgfcoreexternal.
code.tex
File: pgfcoreexternal.code.tex 2023-01-15 v3.1.10 (3.1.10)
\pgfexternal@startupbox=\box66
)
(/usr/local/texlive/2024/texmf-dist/tex/generic/pgf/basiclayer/pgfcorelayers.co
de.tex
File: pgfcorelayers.code.tex 2023-01-15 v3.1.10 (3.1.10)
)
(/usr/local/texlive/2024/texmf-dist/tex/generic/pgf/basiclayer/pgfcoretranspare
ncy.code.tex
File: pgfcoretransparency.code.tex 2023-01-15 v3.1.10 (3.1.10)
)
(/usr/local/texlive/2024/texmf-dist/tex/generic/pgf/basiclayer/pgfcorepatterns.
code.tex
File: pgfcorepatterns.code.tex 2023-01-15 v3.1.10 (3.1.10)
)
(/usr/local/texlive/2024/texmf-dist/tex/generic/pgf/basiclayer/pgfcorerdf.code.
tex
File: pgfcorerdf.code.tex 2023-01-15 v3.1.10 (3.1.10)
)))
(/usr/local/texlive/2024/texmf-dist/tex/generic/pgf/modules/pgfmoduleshapes.cod
e.tex
File: pgfmoduleshapes.code.tex 2023-01-15 v3.1.10 (3.1.10)
\pgfnodeparttextbox=\box67
)
(/usr/local/texlive/2024/texmf-dist/tex/generic/pgf/modules/pgfmoduleplot.code.
tex
File: pgfmoduleplot.code.tex 2023-01-15 v3.1.10 (3.1.10)
)
(/usr/local/texlive/2024/texmf-dist/tex/latex/pgf/compatibility/pgfcomp-version
-0-65.sty
Package: pgfcomp-version-0-65 2023-01-15 v3.1.10 (3.1.10)
\pgf@nodesepstart=\dimen301
\pgf@nodesepend=\dimen302
)
(/usr/local/texlive/2024/texmf-dist/tex/latex/pgf/compatibility/pgfcomp-version
-1-18.sty
Package: pgfcomp-version-1-18 2023-01-15 v3.1.10 (3.1.10)
)) (/usr/local/texlive/2024/texmf-dist/tex/latex/pgf/utilities/pgffor.sty (/usr
/local/texlive/2024/texmf-dist/tex/latex/pgf/utilities/pgfkeys.sty (/usr/local/
texlive/2024/texmf-dist/tex/generic/pgf/utilities/pgfkeys.code.tex)) (/usr/loca
l/texlive/2024/texmf-dist/tex/latex/pgf/math/pgfmath.sty (/usr/local/texlive/20
24/texmf-dist/tex/generic/pgf/math/pgfmath.code.tex)) (/usr/local/texlive/2024/
texmf-dist/tex/generic/pgf/utilities/pgffor.code.tex
Package: pgffor 2023-01-15 v3.1.10 (3.1.10)
\pgffor@iter=\dimen303
\pgffor@skip=\dimen304
\pgffor@stack=\toks43
\pgffor@toks=\toks44
))
(/usr/local/texlive/2024/texmf-dist/tex/generic/pgf/frontendlayer/tikz/tikz.cod
e.tex
Package: tikz 2023-01-15 v3.1.10 (3.1.10)

(/usr/local/texlive/2024/texmf-dist/tex/generic/pgf/libraries/pgflibraryplothan
dlers.code.tex
File: pgflibraryplothandlers.code.tex 2023-01-15 v3.1.10 (3.1.10)
\pgf@plot@mark@count=\count314
\pgfplotmarksize=\dimen305
)
\tikz@lastx=\dimen306
\tikz@lasty=\dimen307
\tikz@lastxsaved=\dimen308
\tikz@lastysaved=\dimen309
\tikz@lastmovetox=\dimen310
\tikz@lastmovetoy=\dimen311
\tikzleveldistance=\dimen312
\tikzsiblingdistance=\dimen313
\tikz@figbox=\box68
\tikz@figbox@bg=\box69
\tikz@tempbox=\box70
\tikz@tempbox@bg=\box71
\tikztreelevel=\count315
\tikznumberofchildren=\count316
\tikznumberofcurrentchild=\count317
\tikz@fig@count=\count318

(/usr/local/texlive/2024/texmf-dist/tex/generic/pgf/modules/pgfmodulematrix.cod
e.tex
File: pgfmodulematrix.code.tex 2023-01-15 v3.1.10 (3.1.10)
\pgfmatrixcurrentrow=\count319
\pgfmatrixcurrentcolumn=\count320
\pgf@matrix@numberofcolumns=\count321
)
\tikz@expandcount=\count322

(/usr/local/texlive/2024/texmf-dist/tex/generic/pgf/frontendlayer/tikz/librarie
s/tikzlibrarytopaths.code.tex
File: tikzlibrarytopaths.code.tex 2023-01-15 v3.1.10 (3.1.10)
)))
(/usr/local/texlive/2024/texmf-dist/tex/generic/pgf/frontendlayer/tikz/librarie
s/tikzlibraryshapes.geometric.code.tex
File: tikzlibraryshapes.geometric.code.tex 2023-01-15 v3.1.10 (3.1.10)

(/usr/local/texlive/2024/texmf-dist/tex/generic/pgf/libraries/shapes/pgflibrary
shapes.geometric.code.tex
File: pgflibraryshapes.geometric.code.tex 2023-01-15 v3.1.10 (3.1.10)
))
(/usr/local/texlive/2024/texmf-dist/tex/generic/pgf/libraries/pgflibraryarrows.
meta.code.tex
File: pgflibraryarrows.meta.code.tex 2023-01-15 v3.1.10 (3.1.10)
\pgfarrowinset=\dimen314
\pgfarrowlength=\dimen315
\pgfarrowwidth=\dimen316
\pgfarrowlinewidth=\dimen317
)
(/usr/local/texlive/2024/texmf-dist/tex/generic/pgf/frontendlayer/tikz/librarie
s/tikzlibrarypositioning.code.tex
File: tikzlibrarypositioning.code.tex 2023-01-15 v3.1.10 (3.1.10)
)
(/usr/local/texlive/2024/texmf-dist/tex/generic/pgf/frontendlayer/tikz/librarie
s/tikzlibrarybackgrounds.code.tex
File: tikzlibrarybackgrounds.code.tex 2023-01-15 v3.1.10 (3.1.10)
\pgf@layerbox@background=\box72
\pgf@layerboxsaved@background=\box73
) (/usr/local/texlive/2024/texmf-dist/tex/latex/tools/longtable.sty
Package: longtable 2023-11-01 v4.19 Multi-page Table package (DPC)
\LTleft=\skip58
\LTright=\skip59
\LTpre=\skip60
\LTpost=\skip61
\LTchunksize=\count323
\LTcapwidth=\dimen318
\LT@head=\box74
\LT@firsthead=\box75
\LT@foot=\box76
\LT@lastfoot=\box77
\LT@gbox=\box78
\LT@cols=\count324
\LT@rows=\count325
\c@LT@tables=\count326
\c@LT@chunks=\count327
\LT@p@ftn=\toks45
) (/usr/local/texlive/2024/texmf-dist/tex/generic/tex4ht/xcolor-hooks.4ht
version 2020-10-17-13:53
) (/usr/local/texlive/2024/texmf-dist/tex/latex/float/float.sty
Package: float 2001/11/08 v1.3d Float enhancements (AL)
\c@float@type=\count328
\float@exts=\toks46
\float@box=\box79
\@float@everytoks=\toks47
\@floatcapt=\box80
) (/usr/local/texlive/2024/texmf-dist/tex/latex/changepage/changepage.sty
Package: changepage 2009/10/20 v1.0c check page and change page layout
\c@cp@cntr=\count329
\cp@tempcnt=\count330
) (/usr/local/texlive/2024/texmf-dist/tex/latex/siunitx/siunitx.sty
Package: siunitx 2024-02-15 v3.3.12 A comprehensive (SI) units package
\l__siunitx_number_uncert_offset_int=\count331
\l__siunitx_number_exponent_fixed_int=\count332
\l__siunitx_number_min_decimal_int=\count333
\l__siunitx_number_min_integer_int=\count334
\l__siunitx_number_round_precision_int=\count335
\l__siunitx_number_lower_threshold_int=\count336
\l__siunitx_number_upper_threshold_int=\count337
\l__siunitx_number_group_first_int=\count338
\l__siunitx_number_group_size_int=\count339
\l__siunitx_number_group_minimum_int=\count340
\l__siunitx_angle_tmp_dim=\dimen319
\l__siunitx_angle_marker_box=\box81
\l__siunitx_angle_unit_box=\box82
\l__siunitx_compound_count_int=\count341
(/usr/local/texlive/2024/texmf-dist/tex/latex/translations/translations.sty
Package: translations 2022/02/05 v1.12 internationalization of LaTeX2e packages
 (CN)
)
\l__siunitx_table_tmp_box=\box83
\l__siunitx_table_tmp_dim=\dimen320
\l__siunitx_table_column_width_dim=\dimen321
\l__siunitx_table_integer_box=\box84
\l__siunitx_table_decimal_box=\box85
\l__siunitx_table_uncert_box=\box86
\l__siunitx_table_before_box=\box87
\l__siunitx_table_after_box=\box88
\l__siunitx_table_before_dim=\dimen322
\l__siunitx_table_carry_dim=\dimen323
\l__siunitx_unit_tmp_int=\count342
\l__siunitx_unit_position_int=\count343
\l__siunitx_unit_total_int=\count344
) (/usr/local/texlive/2024/texmf-dist/tex/latex/pgfplots/pgfplots.sty (/usr/loc
al/texlive/2024/texmf-dist/tex/generic/pgfplots/pgfplots.revision.tex)
Package: pgfplots 2021/05/15 v1.18.1 Data Visualization (1.18.1)
(/usr/local/texlive/2024/texmf-dist/tex/generic/tex4ht/tikz-hooks.4ht
version 2024-01-15-14:00
) (/usr/local/texlive/2024/texmf-dist/tex/generic/pgfplots/pgfplots.code.tex (/
usr/local/texlive/2024/texmf-dist/tex/generic/pgfplots/pgfplotscore.code.tex
\t@pgfplots@toka=\toks48
\t@pgfplots@tokb=\toks49
\t@pgfplots@tokc=\toks50
\pgfplots@tmpa=\dimen324
\c@pgfplots@coordindex=\count345
\c@pgfplots@scanlineindex=\count346

(/usr/local/texlive/2024/texmf-dist/tex/generic/pgfplots/sys/pgfplotssysgeneric
.code.tex))
(/usr/local/texlive/2024/texmf-dist/tex/generic/pgfplots/libs/pgfplotslibrary.c
ode.tex)
(/usr/local/texlive/2024/texmf-dist/tex/generic/pgfplots/oldpgfcompatib/pgfplot
soldpgfsupp_loader.code.tex
(/usr/local/texlive/2024/texmf-dist/tex/generic/pgf/libraries/pgflibraryfpu.cod
e.tex)
Package pgfplots: loading complementary utilities for your pgf version...
\t@pgf@toka=\toks51
\t@pgf@tokb=\toks52
\t@pgf@tokc=\toks53

(/usr/local/texlive/2024/texmf-dist/tex/generic/pgfplots/oldpgfcompatib/pgfplot
soldpgfsupp_pgfutil-common-lists.tex))
(/usr/local/texlive/2024/texmf-dist/tex/generic/pgfplots/util/pgfplotsutil.code
.tex
(/usr/local/texlive/2024/texmf-dist/tex/generic/pgfplots/liststructure/pgfplots
liststructure.code.tex)
(/usr/local/texlive/2024/texmf-dist/tex/generic/pgfplots/liststructure/pgfplots
liststructureext.code.tex)
(/usr/local/texlive/2024/texmf-dist/tex/generic/pgfplots/liststructure/pgfplots
array.code.tex
\c@pgfplotsarray@tmp=\count347
)
(/usr/local/texlive/2024/texmf-dist/tex/generic/pgfplots/liststructure/pgfplots
matrix.code.tex)
(/usr/local/texlive/2024/texmf-dist/tex/generic/pgfplots/numtable/pgfplotstable
shared.code.tex
\c@pgfplotstable@counta=\count348
\t@pgfplotstable@a=\toks54
)
(/usr/local/texlive/2024/texmf-dist/tex/generic/pgfplots/liststructure/pgfplots
deque.code.tex)
(/usr/local/texlive/2024/texmf-dist/tex/generic/pgfplots/util/pgfplotsbinary.co
de.tex
(/usr/local/texlive/2024/texmf-dist/tex/generic/pgfplots/util/pgfplotsbinary.da
ta.code.tex))
(/usr/local/texlive/2024/texmf-dist/tex/generic/pgfplots/util/pgfplotsutil.verb
.code.tex)
(/usr/local/texlive/2024/texmf-dist/tex/generic/pgfplots/libs/pgflibrarypgfplot
s.surfshading.code.tex
\c@pgfplotslibrarysurf@no=\count349
))
(/usr/local/texlive/2024/texmf-dist/tex/generic/pgfplots/util/pgfplotscolormap.
code.tex
(/usr/local/texlive/2024/texmf-dist/tex/generic/pgfplots/util/pgfplotscolor.cod
e.tex))
(/usr/local/texlive/2024/texmf-dist/tex/generic/pgfplots/pgfplotsstackedplots.c
ode.tex)
(/usr/local/texlive/2024/texmf-dist/tex/generic/pgfplots/pgfplotsplothandlers.c
ode.tex
(/usr/local/texlive/2024/texmf-dist/tex/generic/pgfplots/pgfplotsmeshplothandle
r.code.tex
(/usr/local/texlive/2024/texmf-dist/tex/generic/pgfplots/pgfplotsmeshplotimage.
code.tex)))
(/usr/local/texlive/2024/texmf-dist/tex/generic/pgfplots/pgfplots.scaling.code.
tex)
(/usr/local/texlive/2024/texmf-dist/tex/generic/pgfplots/pgfplotscoordprocessin
g.code.tex)
(/usr/local/texlive/2024/texmf-dist/tex/generic/pgfplots/pgfplots.errorbars.cod
e.tex)
(/usr/local/texlive/2024/texmf-dist/tex/generic/pgfplots/pgfplots.markers.code.
tex)
(/usr/local/texlive/2024/texmf-dist/tex/generic/pgfplots/pgfplotsticks.code.tex
)
(/usr/local/texlive/2024/texmf-dist/tex/generic/pgfplots/pgfplots.paths.code.te
x)
(/usr/local/texlive/2024/texmf-dist/tex/generic/pgf/frontendlayer/tikz/librarie
s/tikzlibrarydecorations.code.tex
(/usr/local/texlive/2024/texmf-dist/tex/generic/pgf/modules/pgfmoduledecoration
s.code.tex
\pgfdecoratedcompleteddistance=\dimen325
\pgfdecoratedremainingdistance=\dimen326
\pgfdecoratedinputsegmentcompleteddistance=\dimen327
\pgfdecoratedinputsegmentremainingdistance=\dimen328
\pgf@decorate@distancetomove=\dimen329
\pgf@decorate@repeatstate=\count350
\pgfdecorationsegmentamplitude=\dimen330
\pgfdecorationsegmentlength=\dimen331
)
\tikz@lib@dec@box=\box89
)
(/usr/local/texlive/2024/texmf-dist/tex/generic/pgf/frontendlayer/tikz/librarie
s/tikzlibrarydecorations.pathmorphing.code.tex
(/usr/local/texlive/2024/texmf-dist/tex/generic/pgf/libraries/decorations/pgfli
brarydecorations.pathmorphing.code.tex))
(/usr/local/texlive/2024/texmf-dist/tex/generic/pgf/frontendlayer/tikz/librarie
s/tikzlibrarydecorations.pathreplacing.code.tex
(/usr/local/texlive/2024/texmf-dist/tex/generic/pgf/libraries/decorations/pgfli
brarydecorations.pathreplacing.code.tex))
(/usr/local/texlive/2024/texmf-dist/tex/generic/pgfplots/libs/tikzlibrarypgfplo
ts.contourlua.code.tex)
\pgfplots@numplots=\count351
\pgfplots@xmin@reg=\dimen332
\pgfplots@xmax@reg=\dimen333
\pgfplots@ymin@reg=\dimen334
\pgfplots@ymax@reg=\dimen335
\pgfplots@zmin@reg=\dimen336
\pgfplots@zmax@reg=\dimen337
)
(/usr/local/texlive/2024/texmf-dist/tex/generic/pgf/frontendlayer/tikz/librarie
s/tikzlibraryplotmarks.code.tex
File: tikzlibraryplotmarks.code.tex 2023-01-15 v3.1.10 (3.1.10)

(/usr/local/texlive/2024/texmf-dist/tex/generic/pgf/libraries/pgflibraryplotmar
ks.code.tex
File: pgflibraryplotmarks.code.tex 2023-01-15 v3.1.10 (3.1.10)
)))
Package hyperref Info: Option `colorlinks' set `true' on input line 37.
(/usr/local/texlive/2024/texmf-dist/tex/generic/tex4ht/tex4ht.4ht
version 2024-01-10-14:44
--------------------------------------
--- Note --- for additional information, use the command line option `info'
--------------------------------------
::::::::::::::::::::::::::::::::::::::::::
 TeX4ht info is available in the log file 
::::::::::::::::::::::::::::::::::::::::::
) (/usr/local/texlive/2024/texmf-dist/tex/generic/tex4ht/tex4ht.sty
version 2024-01-23-13:44
l.870 --- TeX4ht warning --- nonprimitive \everypar ---
--- needs --- tex4ht main ---
\tmp:cnt=\count352
\openout15 = `main.tmp'.

(./main.tmp)
\tmp:dim=\skip62
(./main.xref)
\:refout=\write4
\openout4 = `main.xref'.

(/usr/local/texlive/2024/texmf-dist/tex/generic/tex4ht/html4.4ht
version 2024-02-29-14:09
--------------------------------------
--- Note --- to remove the <?xml version=...?> processing instruction use the c
ommand line option `no-VERSION'
--------------------------------------
--------------------------------------
--- Note --- to remove the DOCTYPE declaration use the command line option `no-
DOCTYPE'
--------------------------------------
) (/usr/local/texlive/2024/texmf-dist/tex/generic/tex4ht/unicode.4ht
version 2023-04-02-08:01
) (/usr/local/texlive/2024/texmf-dist/tex/generic/tex4ht/html4-math.4ht
version 2022-10-25-13:59
) (/usr/local/texlive/2024/texmf-dist/tex/generic/tex4ht/html5.4ht
version 2023-10-09-13:31
)
--------------------------------------
--- Note --- for marking of the base font, use the command line option `fonts+'

--------------------------------------
--------------------------------------
--- Note --- for non active _, use the command line option `no_'
--------------------------------------
--------------------------------------
--- Note --- for _ of catcode 13, use the command line option `_13'
--------------------------------------
--------------------------------------
--- Note --- for non active ^, use the command line option `no^'
--------------------------------------
--------------------------------------
--- Note --- for ^ of catcode 13, use the command line option `^13'
--------------------------------------
(/usr/local/texlive/2024/texmf-dist/tex/generic/tex4ht/html4.4ht
version 2024-02-29-14:09
--------------------------------------
--- Note --- to ignore CSS font decoration, use the `NoFonts' command line opti
on
--------------------------------------
--------------------------------------
--- Note --- for jpg bitmaps of pictures, use the `jpg' command line option. (C
haracter bitmaps are controled only by `g' records of tex4ht.env and `-g' switc
hes of tex4ht.c) 
--------------------------------------
--------------------------------------
--- Note --- for gif bitmaps of pictures, use the `gif' command line option. (C
haracter bitmaps are controled only by `g' records of tex4ht.env and `-g' switc
hes of tex4ht.c) 
--------------------------------------
--------------------------------------
--- Note --- for content and toc in 2 frames, use the command line option `fram
es'
--------------------------------------
--------------------------------------
--- Note --- for content, toc, and footnotes in 3 frames, use the command line 
option `frames-fn'
--------------------------------------
--------------------------------------
--- Note --- for file extension name xht, use the command line option `xht'
--------------------------------------
TeX4ht package options: xhtml,charset=utf-8,html5,html
--------------------------------------
--- Note --- To print a timestamp, use the command line option timestamp
--------------------------------------
--------------------------------------
--- Note --- to ignore CSS code, use the command line option `-css
--------------------------------------
--------------------------------------
--- Note --- for inline CSS code, use the command line option `css-in'
--------------------------------------
--------------------------------------
--- Note --- for pop ups on mouse over, use the command line option `mouseover'

--------------------------------------
--------------------------------------
--- Note --- for addressing images in a subdirectory, use the command line opti
on `imgdir:.../'
--------------------------------------
) (/usr/local/texlive/2024/texmf-dist/tex/generic/tex4ht/unicode.4ht
version 2023-04-02-08:01
) (/usr/local/texlive/2024/texmf-dist/tex/generic/tex4ht/html4-math.4ht
version 2022-10-25-13:59
) (/usr/local/texlive/2024/texmf-dist/tex/generic/tex4ht/html5.4ht
version 2023-10-09-13:31
--------------------------------------
--- Note --- To print a timestamp, use the command line option timestamp
--------------------------------------
--------------------------------------
--- Note --- We use a default CSS style. Use the `nostyle' option if you want t
o use custom a CSS design
--------------------------------------
)
\:tokwrite=\toks55
\:tokpage=\toks56
--------------------------------------
--- Note --- for back links to toc, use the command line option `sections+'
--------------------------------------
--------------------------------------
--- Note --- for linear crosslinks of pages, use the command line option `next'

--------------------------------------
\openout15 = `main.4ct'.

\:tocout=\write5
\openout5 = `main.4tc'.

(main.4tc) (/usr/local/texlive/2024/texmf-dist/tex/generic/tex4ht/html4.4ht
version 2024-02-29-14:09
) (/usr/local/texlive/2024/texmf-dist/tex/generic/tex4ht/unicode.4ht
version 2023-04-02-08:01
) (/usr/local/texlive/2024/texmf-dist/tex/generic/tex4ht/html4-math.4ht
version 2022-10-25-13:59
) (/usr/local/texlive/2024/texmf-dist/tex/generic/tex4ht/html5.4ht
version 2023-10-09-13:31
) (/usr/local/texlive/2024/texmf-dist/tex/generic/tex4ht/latex.4ht
version 2024-02-26-13:19
LaTeX Info: Redefining \_ on input line 180.
LaTeX Info: Redefining \begin on input line 598.
LaTeX Info: Redefining \end on input line 646.
LaTeX Info: Redefining \, on input line 808.
LaTeX Info: Redefining \; on input line 809.
LaTeX Info: Redefining \! on input line 810.
LaTeX Info: Redefining \: on input line 811.
LaTeX Info: Redefining \> on input line 812.
--------------------------------------
--- Note --- for links into captions, instead of float heads, use the command l
ine option `refcaption'
--------------------------------------
(/usr/local/texlive/2024/texmf-dist/tex/generic/tex4ht/html4.4ht
version 2024-02-29-14:09
) (/usr/local/texlive/2024/texmf-dist/tex/generic/tex4ht/unicode.4ht
version 2023-04-02-08:01
) (/usr/local/texlive/2024/texmf-dist/tex/generic/tex4ht/html4-math.4ht
version 2022-10-25-13:59
) (/usr/local/texlive/2024/texmf-dist/tex/generic/tex4ht/html5.4ht
version 2023-10-09-13:31
) (/usr/local/texlive/2024/texmf-dist/tex/generic/tex4ht/html4.4ht
version 2024-02-29-14:09
--------------------------------------
--- Note --- For mini tocs immediately aftter the header use the command line o
ption `minitoc<'
--------------------------------------
--------------------------------------
--- Note --- for enumerated list elements with valued data, use the command lin
e option `enumerate+'
--------------------------------------
--------------------------------------
--- Note --- for enumerated list elements li's with value attributes, use the c
ommand line option `enumerate-'
--------------------------------------
--------------------------------------
--- Note --- for CSS2 code, use the command line option `css2'
--------------------------------------
--------------------------------------
--- Note --- for pictorial tabular, use the command line option `pic-tabular'
--------------------------------------
--------------------------------------
--- Note --- for bitmap fbox'es, use the command line option `pic-fbox'
--------------------------------------
--------------------------------------
--- Note --- for bitmap framebox'es, use the command line option `pic-framebox'

--------------------------------------
--------------------------------------
--- Note --- for inline footnotes use command line option `fn-in'
--------------------------------------
--------------------------------------
--- Note --- for tracing of latex font commands, use the command line option `f
onts'
--------------------------------------
--------------------------------------
--- Note --- for width specifications of tabular p entries, use the `p-width' c
ommand line option or a configuration similar to \Configure{HColWidth}{\HCode{ 
style="width:\HColWidth"}}
--------------------------------------
) (/usr/local/texlive/2024/texmf-dist/tex/generic/tex4ht/unicode.4ht
version 2023-04-02-08:01
) (/usr/local/texlive/2024/texmf-dist/tex/generic/tex4ht/html4-math.4ht
version 2022-10-25-13:59
--------------------------------------
--- Note --- for pictorial eqnarray, use the command line option `pic-eqnarray'

--------------------------------------
--------------------------------------
--- Note --- for pictorial array, use the command line option `pic-array'
--------------------------------------
--------------------------------------
--- Note --- for pictorial $...$ environments, use the command line option `pic
-m' (not recommended!!)
--------------------------------------
--------------------------------------
--- Note --- for pictorial $...$ and $$...$$ environments with latex alt, use t
he command line option `pic-m+' (not safe!!)
--------------------------------------
--------------------------------------
--- Note --- for pictorial array, use the command line option `pic-array'
--------------------------------------
) (/usr/local/texlive/2024/texmf-dist/tex/generic/tex4ht/html5.4ht
version 2023-10-09-13:31
)) (/usr/local/texlive/2024/texmf-dist/tex/generic/tex4ht/fontmath.4ht
version 2022-10-25-13:59
(/usr/local/texlive/2024/texmf-dist/tex/generic/tex4ht/html4.4ht
version 2024-02-29-14:09
) (/usr/local/texlive/2024/texmf-dist/tex/generic/tex4ht/unicode.4ht
version 2023-04-02-08:01
) (/usr/local/texlive/2024/texmf-dist/tex/generic/tex4ht/html4-math.4ht
version 2022-10-25-13:59
) (/usr/local/texlive/2024/texmf-dist/tex/generic/tex4ht/html5.4ht
version 2023-10-09-13:31
)) (/usr/local/texlive/2024/texmf-dist/tex/generic/tex4ht/article.4ht
version 2023-04-10-13:46
(/usr/local/texlive/2024/texmf-dist/tex/generic/tex4ht/html4.4ht
version 2024-02-29-14:09
--------------------------------------
--- Note --- for automatic sectioning pagination, use the command line option `
1', `2', `3', '4', '5', '6', or '7'
--------------------------------------
--------------------------------------
--- Note --- for files named derived from section titles, use the command line 
option `sec-filename'
--------------------------------------
--------------------------------------
--- Note --- for i-columns index, use the command line option `index=i' (e.g., 
index=2)
--------------------------------------
) (/usr/local/texlive/2024/texmf-dist/tex/generic/tex4ht/unicode.4ht
version 2023-04-02-08:01
) (/usr/local/texlive/2024/texmf-dist/tex/generic/tex4ht/html4-math.4ht
version 2022-10-25-13:59
) (/usr/local/texlive/2024/texmf-dist/tex/generic/tex4ht/html5.4ht
version 2023-10-09-13:31
)) (/usr/local/texlive/2024/texmf-dist/tex/generic/tex4ht/inputenc.4ht
version 2009-05-21-09:32
(/usr/local/texlive/2024/texmf-dist/tex/generic/tex4ht/html4.4ht
version 2024-02-29-14:09
) (/usr/local/texlive/2024/texmf-dist/tex/generic/tex4ht/unicode.4ht
version 2023-04-02-08:01
) (/usr/local/texlive/2024/texmf-dist/tex/generic/tex4ht/html4-math.4ht
version 2022-10-25-13:59
) (/usr/local/texlive/2024/texmf-dist/tex/generic/tex4ht/html5.4ht
version 2023-10-09-13:31
)) (/usr/local/texlive/2024/texmf-dist/tex/generic/tex4ht/amsmath.4ht
version 2023-08-13-13:20
\tmp:muskip=\muskip18
(/usr/local/texlive/2024/texmf-dist/tex/generic/tex4ht/html4.4ht
version 2024-02-29-14:09
) (/usr/local/texlive/2024/texmf-dist/tex/generic/tex4ht/unicode.4ht
version 2023-04-02-08:01
) (/usr/local/texlive/2024/texmf-dist/tex/generic/tex4ht/html4-math.4ht
version 2022-10-25-13:59
LaTeX Info: Redefining \[ on input line 507.
LaTeX Info: Redefining \] on input line 507.
) (/usr/local/texlive/2024/texmf-dist/tex/generic/tex4ht/html5.4ht
version 2023-10-09-13:31
)) (/usr/local/texlive/2024/texmf-dist/tex/generic/tex4ht/amstext.4ht
version 2009-05-21-09:32
(/usr/local/texlive/2024/texmf-dist/tex/generic/tex4ht/html4.4ht
version 2024-02-29-14:09
) (/usr/local/texlive/2024/texmf-dist/tex/generic/tex4ht/unicode.4ht
version 2023-04-02-08:01
) (/usr/local/texlive/2024/texmf-dist/tex/generic/tex4ht/html4-math.4ht
version 2022-10-25-13:59
) (/usr/local/texlive/2024/texmf-dist/tex/generic/tex4ht/html5.4ht
version 2023-10-09-13:31
)) (/usr/local/texlive/2024/texmf-dist/tex/generic/tex4ht/amsbsy.4ht
version 2009-05-21-09:32
(/usr/local/texlive/2024/texmf-dist/tex/generic/tex4ht/html4.4ht
version 2024-02-29-14:09
) (/usr/local/texlive/2024/texmf-dist/tex/generic/tex4ht/unicode.4ht
version 2023-04-02-08:01
) (/usr/local/texlive/2024/texmf-dist/tex/generic/tex4ht/html4-math.4ht
version 2022-10-25-13:59
) (/usr/local/texlive/2024/texmf-dist/tex/generic/tex4ht/html5.4ht
version 2023-10-09-13:31
)) (/usr/local/texlive/2024/texmf-dist/tex/generic/tex4ht/amsopn.4ht
version 2009-05-21-09:32
(/usr/local/texlive/2024/texmf-dist/tex/generic/tex4ht/html4.4ht
version 2024-02-29-14:09
) (/usr/local/texlive/2024/texmf-dist/tex/generic/tex4ht/unicode.4ht
version 2023-04-02-08:01
) (/usr/local/texlive/2024/texmf-dist/tex/generic/tex4ht/html4-math.4ht
version 2022-10-25-13:59
) (/usr/local/texlive/2024/texmf-dist/tex/generic/tex4ht/html5.4ht
version 2023-10-09-13:31
)) (/usr/local/texlive/2024/texmf-dist/tex/generic/tex4ht/amssymb.4ht
version 2009-05-21-09:32
(/usr/local/texlive/2024/texmf-dist/tex/generic/tex4ht/html4.4ht
version 2024-02-29-14:09
) (/usr/local/texlive/2024/texmf-dist/tex/generic/tex4ht/unicode.4ht
version 2023-04-02-08:01
) (/usr/local/texlive/2024/texmf-dist/tex/generic/tex4ht/html4-math.4ht
version 2022-10-25-13:59
) (/usr/local/texlive/2024/texmf-dist/tex/generic/tex4ht/html5.4ht
version 2023-10-09-13:31
)) (/usr/local/texlive/2024/texmf-dist/tex/generic/tex4ht/amsfonts.4ht
version 2009-05-21-09:32
(/usr/local/texlive/2024/texmf-dist/tex/generic/tex4ht/html4.4ht
version 2024-02-29-14:09
) (/usr/local/texlive/2024/texmf-dist/tex/generic/tex4ht/unicode.4ht
version 2023-04-02-08:01
) (/usr/local/texlive/2024/texmf-dist/tex/generic/tex4ht/html4-math.4ht
version 2022-10-25-13:59
) (/usr/local/texlive/2024/texmf-dist/tex/generic/tex4ht/html5.4ht
version 2023-10-09-13:31
)) (/usr/local/texlive/2024/texmf-dist/tex/generic/tex4ht/graphicx.4ht
version 2022-01-12-13:53
(/usr/local/texlive/2024/texmf-dist/tex/generic/tex4ht/html4.4ht
version 2024-02-29-14:09
) (/usr/local/texlive/2024/texmf-dist/tex/generic/tex4ht/unicode.4ht
version 2023-04-02-08:01
) (/usr/local/texlive/2024/texmf-dist/tex/generic/tex4ht/html4-math.4ht
version 2022-10-25-13:59
) (/usr/local/texlive/2024/texmf-dist/tex/generic/tex4ht/html5.4ht
version 2023-10-09-13:31
)) (/usr/local/texlive/2024/texmf-dist/tex/generic/tex4ht/graphics.4ht
version 2024-03-07-13:56
(/usr/local/texlive/2024/texmf-dist/tex/generic/tex4ht/html4.4ht
version 2024-02-29-14:09
--------------------------------------
--- Note --- if included graphics are of degraded quality, try the command line
 options `graphics-num' or `graphics-'. The `num' should provide the density of
 pixels in the bitmaps (e.g., 110). 
--------------------------------------
--------------------------------------
--- Note --- for setting image dimensions, try the option `Gin-dim'; to use per
cents instead of units, use `Gin-perecent'; for key dimensions when bounding bo
x is unavailable try `Gin-dim+'; neither is recommended
--------------------------------------
) (/usr/local/texlive/2024/texmf-dist/tex/generic/tex4ht/unicode.4ht
version 2023-04-02-08:01
) (/usr/local/texlive/2024/texmf-dist/tex/generic/tex4ht/html4-math.4ht
version 2022-10-25-13:59
) (/usr/local/texlive/2024/texmf-dist/tex/generic/tex4ht/html5.4ht
version 2023-10-09-13:31
)) (/usr/local/texlive/2024/texmf-dist/tex/generic/tex4ht/dvips.4ht
version 2009-05-21-09:32
(/usr/local/texlive/2024/texmf-dist/tex/generic/tex4ht/html4.4ht
version 2024-02-29-14:09
) (/usr/local/texlive/2024/texmf-dist/tex/generic/tex4ht/unicode.4ht
version 2023-04-02-08:01
) (/usr/local/texlive/2024/texmf-dist/tex/generic/tex4ht/html4-math.4ht
version 2022-10-25-13:59
) (/usr/local/texlive/2024/texmf-dist/tex/generic/tex4ht/html5.4ht
version 2023-10-09-13:31
)) (/usr/local/texlive/2024/texmf-dist/tex/generic/tex4ht/hyperref.4ht
version 2024-02-29-14:08
LaTeX Info: Redefining \autoref on input line 88.
\Hy@SectionHShift=\skip63
(/usr/local/texlive/2024/texmf-dist/tex/generic/tex4ht/html4.4ht
version 2024-02-29-14:09
) (/usr/local/texlive/2024/texmf-dist/tex/generic/tex4ht/unicode.4ht
version 2023-04-02-08:01
) (/usr/local/texlive/2024/texmf-dist/tex/generic/tex4ht/html4-math.4ht
version 2022-10-25-13:59
) (/usr/local/texlive/2024/texmf-dist/tex/generic/tex4ht/html5.4ht
version 2023-10-09-13:31
)) (/usr/local/texlive/2024/texmf-dist/tex/generic/tex4ht/nameref.4ht
version 2022-12-30-15:46
(/usr/local/texlive/2024/texmf-dist/tex/generic/tex4ht/html4.4ht
version 2024-02-29-14:09
) (/usr/local/texlive/2024/texmf-dist/tex/generic/tex4ht/unicode.4ht
version 2023-04-02-08:01
) (/usr/local/texlive/2024/texmf-dist/tex/generic/tex4ht/html4-math.4ht
version 2022-10-25-13:59
) (/usr/local/texlive/2024/texmf-dist/tex/generic/tex4ht/html5.4ht
version 2023-10-09-13:31
)) (/usr/local/texlive/2024/texmf-dist/tex/generic/tex4ht/pd1enc.4ht
version 2009-05-21-09:32
(/usr/local/texlive/2024/texmf-dist/tex/generic/tex4ht/html4.4ht
version 2024-02-29-14:09
) (/usr/local/texlive/2024/texmf-dist/tex/generic/tex4ht/unicode.4ht
version 2023-04-02-08:01
) (/usr/local/texlive/2024/texmf-dist/tex/generic/tex4ht/html4-math.4ht
version 2022-10-25-13:59
) (/usr/local/texlive/2024/texmf-dist/tex/generic/tex4ht/html5.4ht
version 2023-10-09-13:31
)) (/usr/local/texlive/2024/texmf-dist/tex/generic/tex4ht/url.4ht
version 2023-02-19-10:11
(/usr/local/texlive/2024/texmf-dist/tex/generic/tex4ht/html4.4ht
version 2024-02-29-14:09
--------------------------------------
--- Note --- for URL encoding within href use the command line option `url-enc'

--------------------------------------
) (/usr/local/texlive/2024/texmf-dist/tex/generic/tex4ht/unicode.4ht
version 2023-04-02-08:01
) (/usr/local/texlive/2024/texmf-dist/tex/generic/tex4ht/html4-math.4ht
version 2022-10-25-13:59
) (/usr/local/texlive/2024/texmf-dist/tex/generic/tex4ht/html5.4ht
version 2023-10-09-13:31
)) (/usr/local/texlive/2024/texmf-dist/tex/generic/tex4ht/geometry.4ht
version 2016-07-01-08:55
(/usr/local/texlive/2024/texmf-dist/tex/generic/tex4ht/html4.4ht
version 2024-02-29-14:09
) (/usr/local/texlive/2024/texmf-dist/tex/generic/tex4ht/unicode.4ht
version 2023-04-02-08:01
) (/usr/local/texlive/2024/texmf-dist/tex/generic/tex4ht/html4-math.4ht
version 2022-10-25-13:59
) (/usr/local/texlive/2024/texmf-dist/tex/generic/tex4ht/html5.4ht
version 2023-10-09-13:31
)) (/usr/local/texlive/2024/texmf-dist/tex/generic/tex4ht/titlesec.4ht
version 2021-03-02-13:43
(/usr/local/texlive/2024/texmf-dist/tex/generic/tex4ht/html4.4ht
version 2024-02-29-14:09
) (/usr/local/texlive/2024/texmf-dist/tex/generic/tex4ht/unicode.4ht
version 2023-04-02-08:01
) (/usr/local/texlive/2024/texmf-dist/tex/generic/tex4ht/html4-math.4ht
version 2022-10-25-13:59
) (/usr/local/texlive/2024/texmf-dist/tex/generic/tex4ht/html5.4ht
version 2023-10-09-13:31
)) (/usr/local/texlive/2024/texmf-dist/tex/generic/tex4ht/booktabs.4ht
version 2009-05-21-09:32
(/usr/local/texlive/2024/texmf-dist/tex/generic/tex4ht/html4.4ht
version 2024-02-29-14:09
) (/usr/local/texlive/2024/texmf-dist/tex/generic/tex4ht/unicode.4ht
version 2023-04-02-08:01
) (/usr/local/texlive/2024/texmf-dist/tex/generic/tex4ht/html4-math.4ht
version 2022-10-25-13:59
) (/usr/local/texlive/2024/texmf-dist/tex/generic/tex4ht/html5.4ht
version 2023-10-09-13:31
)) (/usr/local/texlive/2024/texmf-dist/tex/generic/tex4ht/tabularx.4ht
version 2009-05-21-09:32
(/usr/local/texlive/2024/texmf-dist/tex/generic/tex4ht/html4.4ht
version 2024-02-29-14:09
) (/usr/local/texlive/2024/texmf-dist/tex/generic/tex4ht/unicode.4ht
version 2023-04-02-08:01
) (/usr/local/texlive/2024/texmf-dist/tex/generic/tex4ht/html4-math.4ht
version 2022-10-25-13:59
) (/usr/local/texlive/2024/texmf-dist/tex/generic/tex4ht/html5.4ht
version 2023-10-09-13:31
)) (/usr/local/texlive/2024/texmf-dist/tex/generic/tex4ht/array.4ht
version 2023-11-12-08:00
(/usr/local/texlive/2024/texmf-dist/tex/generic/tex4ht/html4.4ht
version 2024-02-29-14:09
) (/usr/local/texlive/2024/texmf-dist/tex/generic/tex4ht/unicode.4ht
version 2023-04-02-08:01
) (/usr/local/texlive/2024/texmf-dist/tex/generic/tex4ht/html4-math.4ht
version 2022-10-25-13:59
--------------------------------------
--- Note --- for pictorial array, use the command line option `pic-array'
--------------------------------------
) (/usr/local/texlive/2024/texmf-dist/tex/generic/tex4ht/html5.4ht
version 2023-10-09-13:31
)) (/usr/local/texlive/2024/texmf-dist/tex/generic/tex4ht/tabu.4ht
version 2023-11-02-13:26
(/usr/local/texlive/2024/texmf-dist/tex/generic/tex4ht/html4.4ht
version 2024-02-29-14:09
) (/usr/local/texlive/2024/texmf-dist/tex/generic/tex4ht/unicode.4ht
version 2023-04-02-08:01
) (/usr/local/texlive/2024/texmf-dist/tex/generic/tex4ht/html4-math.4ht
version 2022-10-25-13:59
) (/usr/local/texlive/2024/texmf-dist/tex/generic/tex4ht/html5.4ht
version 2023-10-09-13:31
)) (/usr/local/texlive/2024/texmf-dist/tex/generic/tex4ht/caption.4ht
version 2022-11-22-14:29
(/usr/local/texlive/2024/texmf-dist/tex/generic/tex4ht/html4.4ht
version 2024-02-29-14:09
) (/usr/local/texlive/2024/texmf-dist/tex/generic/tex4ht/unicode.4ht
version 2023-04-02-08:01
) (/usr/local/texlive/2024/texmf-dist/tex/generic/tex4ht/html4-math.4ht
version 2022-10-25-13:59
) (/usr/local/texlive/2024/texmf-dist/tex/generic/tex4ht/html5.4ht
version 2023-10-09-13:31
)) (/usr/local/texlive/2024/texmf-dist/tex/generic/tex4ht/subcaption.4ht
version 2023-06-08-13:14
(/usr/local/texlive/2024/texmf-dist/tex/generic/tex4ht/html4.4ht
version 2024-02-29-14:09
) (/usr/local/texlive/2024/texmf-dist/tex/generic/tex4ht/unicode.4ht
version 2023-04-02-08:01
) (/usr/local/texlive/2024/texmf-dist/tex/generic/tex4ht/html4-math.4ht
version 2022-10-25-13:59
) (/usr/local/texlive/2024/texmf-dist/tex/generic/tex4ht/html5.4ht
version 2023-10-09-13:31
)) (/usr/local/texlive/2024/texmf-dist/tex/generic/tex4ht/pgf.4ht
version 2009-05-21-09:32
(/usr/local/texlive/2024/texmf-dist/tex/generic/tex4ht/html4.4ht
version 2024-02-29-14:09
) (/usr/local/texlive/2024/texmf-dist/tex/generic/tex4ht/unicode.4ht
version 2023-04-02-08:01
) (/usr/local/texlive/2024/texmf-dist/tex/generic/tex4ht/html4-math.4ht
version 2022-10-25-13:59
) (/usr/local/texlive/2024/texmf-dist/tex/generic/tex4ht/html5.4ht
version 2023-10-09-13:31
)) (/usr/local/texlive/2024/texmf-dist/tex/generic/tex4ht/xcolor.4ht
version 2023-12-03-13:24
(/usr/local/texlive/2024/texmf-dist/tex/generic/tex4ht/color.4ht
version 2022-02-01-14:27
(/usr/local/texlive/2024/texmf-dist/tex/generic/tex4ht/html4.4ht
version 2024-02-29-14:09
) (/usr/local/texlive/2024/texmf-dist/tex/generic/tex4ht/unicode.4ht
version 2023-04-02-08:01
) (/usr/local/texlive/2024/texmf-dist/tex/generic/tex4ht/html4-math.4ht
version 2022-10-25-13:59
) (/usr/local/texlive/2024/texmf-dist/tex/generic/tex4ht/html5.4ht
version 2023-10-09-13:31
)) (/usr/local/texlive/2024/texmf-dist/tex/generic/tex4ht/html4.4ht
version 2024-02-29-14:09
) (/usr/local/texlive/2024/texmf-dist/tex/generic/tex4ht/unicode.4ht
version 2023-04-02-08:01
) (/usr/local/texlive/2024/texmf-dist/tex/generic/tex4ht/html4-math.4ht
version 2022-10-25-13:59
) (/usr/local/texlive/2024/texmf-dist/tex/generic/tex4ht/html5.4ht
version 2023-10-09-13:31
)) (/usr/local/texlive/2024/texmf-dist/tex/generic/tex4ht/color.4ht
version 2022-02-01-14:27
) (/usr/local/texlive/2024/texmf-dist/tex/generic/tex4ht/longtable.4ht
version 2023-04-10-13:46
\LT:box=\box90
\LT:ebox=\box91
\tmp:bx=\box92
(/usr/local/texlive/2024/texmf-dist/tex/generic/tex4ht/html4.4ht
version 2024-02-29-14:09
--------------------------------------
--- Note --- for pictorial longtable, use the command line option `pic-longtabl
e'
--------------------------------------
) (/usr/local/texlive/2024/texmf-dist/tex/generic/tex4ht/unicode.4ht
version 2023-04-02-08:01
) (/usr/local/texlive/2024/texmf-dist/tex/generic/tex4ht/html4-math.4ht
version 2022-10-25-13:59
) (/usr/local/texlive/2024/texmf-dist/tex/generic/tex4ht/html5.4ht
version 2023-10-09-13:31
)) (/usr/local/texlive/2024/texmf-dist/tex/generic/tex4ht/float.4ht
version 2009-05-21-09:32
(/usr/local/texlive/2024/texmf-dist/tex/generic/tex4ht/html4.4ht
version 2024-02-29-14:09
) (/usr/local/texlive/2024/texmf-dist/tex/generic/tex4ht/unicode.4ht
version 2023-04-02-08:01
) (/usr/local/texlive/2024/texmf-dist/tex/generic/tex4ht/html4-math.4ht
version 2022-10-25-13:59
) (/usr/local/texlive/2024/texmf-dist/tex/generic/tex4ht/html5.4ht
version 2023-10-09-13:31
)) (/usr/local/texlive/2024/texmf-dist/tex/generic/tex4ht/changepage.4ht
version 2024-01-04-13:21
(/usr/local/texlive/2024/texmf-dist/tex/generic/tex4ht/html4.4ht
version 2024-02-29-14:09
) (/usr/local/texlive/2024/texmf-dist/tex/generic/tex4ht/unicode.4ht
version 2023-04-02-08:01
) (/usr/local/texlive/2024/texmf-dist/tex/generic/tex4ht/html4-math.4ht
version 2022-10-25-13:59
) (/usr/local/texlive/2024/texmf-dist/tex/generic/tex4ht/html5.4ht
version 2023-10-09-13:31
)) (/usr/local/texlive/2024/texmf-dist/tex/generic/tex4ht/siunitx.4ht
version 2024-01-21-13:28
(/usr/local/texlive/2024/texmf-dist/tex/generic/tex4ht/html4.4ht
version 2024-02-29-14:09
) (/usr/local/texlive/2024/texmf-dist/tex/generic/tex4ht/unicode.4ht
version 2023-04-02-08:01
) (/usr/local/texlive/2024/texmf-dist/tex/generic/tex4ht/html4-math.4ht
version 2022-10-25-13:59
) (/usr/local/texlive/2024/texmf-dist/tex/generic/tex4ht/html5.4ht
version 2023-10-09-13:31
)) (/usr/local/texlive/2024/texmf-dist/tex/generic/tex4ht/html4.4ht
version 2024-02-29-14:09
) (/usr/local/texlive/2024/texmf-dist/tex/generic/tex4ht/unicode.4ht
version 2023-04-02-08:01
) (/usr/local/texlive/2024/texmf-dist/tex/generic/tex4ht/html4-math.4ht
version 2022-10-25-13:59
) (/usr/local/texlive/2024/texmf-dist/tex/generic/tex4ht/html5.4ht
version 2023-10-09-13:31
))
Package translations Info: No language package found. I am going to use `englis
h' as default language. on input line 40.
(/usr/local/texlive/2024/texmf-dist/tex/latex/l3backend/l3backend-dvips.def
File: l3backend-dvips.def 2024-02-20 L3 backend support: dvips
\l__pdf_internal_box=\box93
\g__pdf_backend_object_int=\count353
\l__pdf_backend_content_box=\box94
\l__pdf_backend_model_box=\box95
\g__pdf_backend_annotation_int=\count354
\g__pdf_backend_link_int=\count355
\g__pdf_backend_link_sf_int=\count356
) (./main.aux)
\openout1 = `main.aux'.

LaTeX Font Info:    Checking defaults for OML/cmm/m/it on input line 40.
LaTeX Font Info:    ... okay on input line 40.
LaTeX Font Info:    Checking defaults for OMS/cmsy/m/n on input line 40.
LaTeX Font Info:    ... okay on input line 40.
LaTeX Font Info:    Checking defaults for OT1/cmr/m/n on input line 40.
LaTeX Font Info:    ... okay on input line 40.
LaTeX Font Info:    Checking defaults for T1/cmr/m/n on input line 40.
LaTeX Font Info:    ... okay on input line 40.
LaTeX Font Info:    Checking defaults for TS1/cmr/m/n on input line 40.
LaTeX Font Info:    ... okay on input line 40.
LaTeX Font Info:    Checking defaults for OMX/cmex/m/n on input line 40.
LaTeX Font Info:    ... okay on input line 40.
LaTeX Font Info:    Checking defaults for U/cmr/m/n on input line 40.
LaTeX Font Info:    ... okay on input line 40.
LaTeX Font Info:    Checking defaults for PD1/pdf/m/n on input line 40.
LaTeX Font Info:    ... okay on input line 40.
LaTeX Font Info:    Checking defaults for PU/pdf/m/n on input line 40.
LaTeX Font Info:    ... okay on input line 40.
Package hyperref Info: Link coloring ON on input line 40.
*geometry* driver: auto-detecting
*geometry* detected driver: dvips
*geometry* verbose mode - [ preamble ] result:
* driver: dvips
* paper: a4paper
* layout: <same size as paper>
* layoutoffset:(h,v)=(0.0pt,0.0pt)
* modes: 
* h-part:(L,W,R)=(72.26999pt, 452.9679pt, 72.26999pt)
* v-part:(T,H,B)=(72.26999pt, 700.50687pt, 72.26999pt)
* \paperwidth=597.50787pt
* \paperheight=845.04684pt
* \textwidth=452.9679pt
* \textheight=700.50687pt
* \oddsidemargin=0.0pt
* \evensidemargin=0.0pt
* \topmargin=-37.0pt
* \headheight=12.0pt
* \headsep=25.0pt
* \topskip=12.0pt
* \footskip=30.0pt
* \marginparwidth=35.0pt
* \marginparsep=10.0pt
* \columnsep=10.0pt
* \skip\footins=10.8pt plus 4.0pt minus 2.0pt
* \hoffset=0.0pt
* \voffset=0.0pt
* \mag=1000
* \@twocolumnfalse
* \@twosidefalse
* \@mparswitchfalse
* \@reversemarginfalse
* (1in=72.27pt=25.4mm, 1cm=28.453pt)

Package caption Info: Begin \AtBeginDocument code.
Package caption Info: End \AtBeginDocument code.

(/usr/local/texlive/2024/texmf-dist/tex/latex/translations/translations-basic-d
ictionary-english.trsl
File: translations-basic-dictionary-english.trsl (english translation file `tra
nslations-basic-dictionary')
)
Package translations Info: loading dictionary `translations-basic-dictionary' f
or `english'. on input line 40.
Package pgfplots notification 'compat/show suggested version=true': document ha
s been generated with the most recent feature set (\pgfplotsset{compat=1.18}).

--- file main.css ---
[1

] [2

] (./front_coverx2.tex
l. 9 Writing main.idv[1] (main0x.svg)
LaTeX Font Info:    Trying to load font information for U+msa on input line 14.

(/usr/local/texlive/2024/texmf-dist/tex/latex/amsfonts/umsa.fd
File: umsa.fd 2013/01/14 v3.01 AMS symbols A
)
LaTeX Font Info:    Trying to load font information for U+msb on input line 14.

(/usr/local/texlive/2024/texmf-dist/tex/latex/amsfonts/umsb.fd
File: umsb.fd 2013/01/14 v3.01 AMS symbols B
)) [3

]
LaTeX Font Info:    Trying to load font information for T1+cmtt on input line 6
8.
(/usr/local/texlive/2024/texmf-dist/tex/latex/base/t1cmtt.fd
File: t1cmtt.fd 2023/04/13 v2.5m Standard LaTeX font definitions
) (./main.4ct) [4

] (./main.4ct) [5] (./main.4ct) [6] [7] [8] [9] [10] [11] [12] [13] [14] [15] [
16] [17] [18

] (./motivation.tex
l. 1 Writing main.idv[2] (main1x.svg)
) [19

] [20

] [21] [22]
l. 401 Writing main.idv[3] (main2x.svg)
[23] [24] [25] [26] [27] [28] [29] [30] [31] (./main.aux)
 ***********
LaTeX2e <2023-11-01> patch level 1
L3 programming layer <2024-02-20>
 ***********
 ) 
Here is how much of TeX's memory you used:
 43033 strings out of 474117
 983423 string characters out of 5743708
 1969184 words of memory out of 5000000
 64453 multiletter control sequences out of 15000+600000
 572115 words of font info for 68 fonts, out of 8000000 for 9000
 1141 hyphenation exceptions out of 8191
 92i,11n,109p,1190b,1238s stack positions out of 10000i,1000n,20000p,200000b,200000s

Output written on main.dvi (31 pages, 198596 bytes).
